<?xml version="1.0" encoding="UTF-8"?>
<testng-results ignored="0" total="1" passed="1" failed="0" skipped="0">
  <reporter-output>
  </reporter-output>
  <suite started-at="2020-04-25T18:05:29Z" name="Suite" finished-at="2020-04-25T18:05:29Z" duration-ms="60">
    <groups>
    </groups>
    <test started-at="2020-04-25T18:05:29Z" name="Test" finished-at="2020-04-25T18:05:29Z" duration-ms="60">
      <class name="com.project.test1.Maven.HelloTest">
        <test-method signature="validate()[pri:0, instance:com.project.test1.Maven.HelloTest@424e1977]" started-at="2020-04-25T18:05:29Z" name="validate" finished-at="2020-04-25T18:05:29Z" duration-ms="15" status="PASS">
          <reporter-output>
          </reporter-output>
        </test-method> <!-- validate -->
      </class> <!-- com.project.test1.Maven.HelloTest -->
    </test> <!-- Test -->
  </suite> <!-- Suite -->
</testng-results>
